C:\ProgramData\anaco
nda3\Scripts\conda.e
xe : Traceback 
(most recent call 
last):
At line:1 char:1
+ C:\ProgramData\ana
conda3\Scripts\conda
.exe run -n 
shelf_scanner pytho 
...
+ ~~~~~~~~~~~~~~~~~~
~~~~~~~~~~~~~~~~~~~~
~~~~~~~~~~~~~~~~~~~~
~~~~~~~~~~~
    + CategoryInfo  
            : NotS  
  pecified: (Trac   
 eback (most rec    
ent call last):    
:String) [], Re    
moteException
    + FullyQualifie 
   dErrorId : Nati  
  veCommandError
 
  File 
"C:\Users\puskar bho
la\OneDrive\Desktop\
New folder\College P
rojects\Shelf-scanne
r-AI\backend\main.py
", line 20, in 
<module>
    from 
backend.utils 
import (
  File 
"C:\Users\puskar bho
la\OneDrive\Desktop\
New folder\College P
rojects\Shelf-scanne
r-AI\backend\utils.p
y", line 14, in 
<module>
    from sklearn.fea
ture_extraction.text
 import 
TfidfVectorizer
  File 
"C:\Users\puskar bho
la\.conda\envs\shelf
_scanner\lib\site-pa
ckages\sklearn\__ini
t__.py", line 73, 
in <module>
    from .base 
import clone  # 
noqa: E402
  File 
"C:\Users\puskar bho
la\.conda\envs\shelf
_scanner\lib\site-pa
ckages\sklearn\base.
py", line 19, in 
<module>
    from .utils._met
adata_requests 
import 
_MetadataRequester, 
_routing_enabled
  File 
"C:\Users\puskar bho
la\.conda\envs\shelf
_scanner\lib\site-pa
ckages\sklearn\utils
\__init__.py", line 
9, in <module>
    from ._chunking 
import gen_batches, 
gen_even_slices
  File 
"C:\Users\puskar bho
la\.conda\envs\shelf
_scanner\lib\site-pa
ckages\sklearn\utils
\_chunking.py", 
line 11, in <module>
    from 
._param_validation 
import Interval, 
validate_params
  File 
"C:\Users\puskar bho
la\.conda\envs\shelf
_scanner\lib\site-pa
ckages\sklearn\utils
\_param_validation.p
y", line 17, in 
<module>
    from 
.validation import _
is_arraylike_not_sca
lar
  File 
"C:\Users\puskar bho
la\.conda\envs\shelf
_scanner\lib\site-pa
ckages\sklearn\utils
\validation.py", 
line 21, in <module>
    from 
..utils._array_api 
import _asarray_with
_order, _is_numpy_na
mespace, 
get_namespace
  File 
"C:\Users\puskar bho
la\.conda\envs\shelf
_scanner\lib\site-pa
ckages\sklearn\utils
\_array_api.py", 
line 20, in <module>
    from .fixes 
import parse_version
  File 
"C:\Users\puskar bho
la\.conda\envs\shelf
_scanner\lib\site-pa
ckages\sklearn\utils
\fixes.py", line 
421, in <module>
    import pyarrow
  File 
"C:\Users\puskar bho
la\.conda\envs\shelf
_scanner\lib\site-pa
ckages\pyarrow\__ini
t__.py", line 61, 
in <module>
    import 
pyarrow.lib as _lib
ImportError: DLL 
load failed while 
importing lib: The 
specified procedure 
could not be found.

During handling of 
the above 
exception, another 
exception occurred:

Traceback (most 
recent call last):
  File 
"C:\Users\puskar bho
la\.conda\envs\shelf
_scanner\lib\runpy.p
y", line 196, in 
_run_module_as_main
    return 
_run_code(code, 
main_globals, None,
  File 
"C:\Users\puskar bho
la\.conda\envs\shelf
_scanner\lib\runpy.p
y", line 86, in 
_run_code
    exec(code, 
run_globals)
  File 
"C:\Users\puskar bho
la\.conda\envs\shelf
_scanner\lib\site-pa
ckages\uvicorn\__mai
n__.py", line 4, in 
<module>
    uvicorn.main()
  File 
"C:\Users\puskar bho
la\.conda\envs\shelf
_scanner\lib\site-pa
ckages\click\core.py
", line 1442, in 
__call__
    return 
self.main(*args, 
**kwargs)
  File 
"C:\Users\puskar bho
la\.conda\envs\shelf
_scanner\lib\site-pa
ckages\click\core.py
", line 1363, in 
main
    rv = 
self.invoke(ctx)
  File 
"C:\Users\puskar bho
la\.conda\envs\shelf
_scanner\lib\site-pa
ckages\click\core.py
", line 1226, in 
invoke
    return ctx.invok
e(self.callback, 
**ctx.params)
  File 
"C:\Users\puskar bho
la\.conda\envs\shelf
_scanner\lib\site-pa
ckages\click\core.py
", line 794, in 
invoke
    return 
callback(*args, 
**kwargs)
  File 
"C:\Users\puskar bho
la\.conda\envs\shelf
_scanner\lib\site-pa
ckages\uvicorn\main.
py", line 433, in 
main
    run(
  File 
"C:\Users\puskar bho
la\.conda\envs\shelf
_scanner\lib\site-pa
ckages\uvicorn\main.
py", line 606, in 
run
    server.run()
  File 
"C:\Users\puskar bho
la\.conda\envs\shelf
_scanner\lib\site-pa
ckages\uvicorn\serve
r.py", line 75, in 
run
    return asyncio_r
un(self.serve(socket
s=sockets), loop_fac
tory=self.config.get
_loop_factory())
  File 
"C:\Users\puskar bho
la\.conda\envs\shelf
_scanner\lib\site-pa
ckages\uvicorn\_comp
at.py", line 60, in 
asyncio_run
    return loop.run_
until_complete(main)
  File 
"C:\Users\puskar bho
la\.conda\envs\shelf
_scanner\lib\asyncio
\base_events.py", 
line 649, in 
run_until_complete
    return 
future.result()
  File 
"C:\Users\puskar bho
la\.conda\envs\shelf
_scanner\lib\site-pa
ckages\uvicorn\serve
r.py", line 79, in 
serve
    await 
self._serve(sockets)
  File 
"C:\Users\puskar bho
la\.conda\envs\shelf
_scanner\lib\site-pa
ckages\uvicorn\serve
r.py", line 86, in 
_serve
    config.load()
  File 
"C:\Users\puskar bho
la\.conda\envs\shelf
_scanner\lib\site-pa
ckages\uvicorn\confi
g.py", line 441, in 
load
    self.loaded_app 
= import_from_string
(self.app)
  File 
"C:\Users\puskar bho
la\.conda\envs\shelf
_scanner\lib\site-pa
ckages\uvicorn\impor
ter.py", line 19, 
in 
import_from_string
    module = importl
ib.import_module(mod
ule_str)
  File 
"C:\Users\puskar bho
la\.conda\envs\shelf
_scanner\lib\importl
ib\__init__.py", 
line 126, in 
import_module
    return _bootstra
p._gcd_import(name[l
evel:], package, 
level)
  File "<frozen impo
rtlib._bootstrap>", 
line 1050, in 
_gcd_import
  File "<frozen impo
rtlib._bootstrap>", 
line 1027, in 
_find_and_load
  File "<frozen impo
rtlib._bootstrap>", 
line 1006, in _find_
and_load_unlocked
  File "<frozen impo
rtlib._bootstrap>", 
line 688, in 
_load_unlocked
  File "<frozen impo
rtlib._bootstrap_ext
ernal>", line 883, 
in exec_module
  File "<frozen impo
rtlib._bootstrap>", 
line 241, in _call_w
ith_frames_removed
  File 
"C:\Users\puskar bho
la\OneDrive\Desktop\
New folder\College P
rojects\Shelf-scanne
r-AI\backend\main.py
", line 30, in 
<module>
    from .utils 
import (
  File 
"C:\Users\puskar bho
la\OneDrive\Desktop\
New folder\College P
rojects\Shelf-scanne
r-AI\backend\utils.p
y", line 14, in 
<module>
    from sklearn.fea
ture_extraction.text
 import 
TfidfVectorizer
  File 
"C:\Users\puskar bho
la\.conda\envs\shelf
_scanner\lib\site-pa
ckages\sklearn\__ini
t__.py", line 73, 
in <module>
    from .base 
import clone  # 
noqa: E402
  File 
"C:\Users\puskar bho
la\.conda\envs\shelf
_scanner\lib\site-pa
ckages\sklearn\base.
py", line 20, in 
<module>
    from 
.utils._missing 
import is_scalar_nan
  File 
"C:\Users\puskar bho
la\.conda\envs\shelf
_scanner\lib\site-pa
ckages\sklearn\utils
\__init__.py", line 
9, in <module>
    from ._chunking 
import gen_batches, 
gen_even_slices
  File 
"C:\Users\puskar bho
la\.conda\envs\shelf
_scanner\lib\site-pa
ckages\sklearn\utils
\_chunking.py", 
line 11, in <module>
    from 
._param_validation 
import Interval, 
validate_params
  File 
"C:\Users\puskar bho
la\.conda\envs\shelf
_scanner\lib\site-pa
ckages\sklearn\utils
\_param_validation.p
y", line 17, in 
<module>
    from 
.validation import _
is_arraylike_not_sca
lar
  File 
"C:\Users\puskar bho
la\.conda\envs\shelf
_scanner\lib\site-pa
ckages\sklearn\utils
\validation.py", 
line 21, in <module>
    from 
..utils._array_api 
import _asarray_with
_order, _is_numpy_na
mespace, 
get_namespace
  File 
"C:\Users\puskar bho
la\.conda\envs\shelf
_scanner\lib\site-pa
ckages\sklearn\utils
\_array_api.py", 
line 20, in <module>
    from .fixes 
import parse_version
  File 
"C:\Users\puskar bho
la\.conda\envs\shelf
_scanner\lib\site-pa
ckages\sklearn\utils
\fixes.py", line 
421, in <module>
    import pyarrow
  File 
"C:\Users\puskar bho
la\.conda\envs\shelf
_scanner\lib\site-pa
ckages\pyarrow\__ini
t__.py", line 61, 
in <module>
    import 
pyarrow.lib as _lib
ImportError: DLL 
load failed while 
importing lib: The 
specified procedure 
could not be found.

ERROR conda.cli.main
_run:execute(125): 
`conda run python 
-m uvicorn 
backend.main:app 
--host 0.0.0.0 
--port 8000` 
failed. (See above 
for error)
